#
# There is insufficient memory for the Java Runtime Environment to continue.
# Native memory allocation (malloc) failed to allocate 188176 bytes for Chunk::new
# Possible reasons:
#   The system is out of physical RAM or swap space
#   In 32 bit mode, the process size limit was hit
# Possible solutions:
#   Reduce memory load on the system
#   Increase physical memory or swap space
#   Check if swap backing store is full
#   Use 64 bit Java on a 64 bit OS
#   Decrease Java heap size (-Xmx/-Xms)
#   Decrease number of Java threads
#   Decrease Java thread stack sizes (-Xss)
#   Set larger code cache with -XX:ReservedCodeCacheSize=
# This output file may be truncated or incomplete.
#
#  Out of Memory Error (allocation.cpp:390), pid=6284, tid=5336
#
# JRE version: Java(TM) SE Runtime Environment (8.0_65-b17) (build 1.8.0_65-b17)
# Java VM: Java HotSpot(TM) 64-Bit Server VM (25.65-b01 mixed mode windows-amd64 compressed oops)
# Failed to write core dump. Minidumps are not enabled by default on client versions of Windows
#

---------------  T H R E A D  ---------------

Current thread (0x0000000016f97800):  JavaThread "C2 CompilerThread2" daemon [_thread_in_native, id=5336, stack(0x0000000017760000,0x0000000017860000)]

Stack: [0x0000000017760000,0x0000000017860000]
[error occurred during error reporting (printing stack bounds), id 0xc0000005]

Native frames: (J=compiled Java code, j=interpreted, Vv=VM code, C=native code)


Current CompileTask:
C2:    869 1078       4       com.android.dx.ssa.back.LivenessAnalyzer::run (231 bytes)


---------------  P R O C E S S  ---------------

Java Threads: ( => current thread )
  0x000000001731b800 JavaThread "pool-1-thread-4" [_thread_in_Java, id=7916, stack(0x0000000018760000,0x0000000018860000)]
  0x000000001731b000 JavaThread "pool-1-thread-3" [_thread_in_vm, id=9760, stack(0x0000000018660000,0x0000000018760000)]
  0x000000001731a000 JavaThread "pool-1-thread-2" [_thread_in_Java, id=9396, stack(0x0000000018560000,0x0000000018660000)]
  0x0000000017304800 JavaThread "pool-2-thread-1" [_thread_blocked, id=5536, stack(0x0000000018460000,0x0000000018560000)]
  0x0000000017302000 JavaThread "pool-1-thread-1" [_thread_blocked, id=6140, stack(0x0000000018360000,0x0000000018460000)]
  0x0000000017076800 JavaThread "Service Thread" daemon [_thread_blocked, id=9964, stack(0x0000000017960000,0x0000000017a60000)]
  0x0000000016fdf800 JavaThread "C1 CompilerThread3" daemon [_thread_in_native, id=9104, stack(0x0000000017860000,0x0000000017960000)]
=>0x0000000016f97800 JavaThread "C2 CompilerThread2" daemon [_thread_in_native, id=5336, stack(0x0000000017760000,0x0000000017860000)]
  0x0000000016f94000 JavaThread "C2 CompilerThread1" daemon [_thread_in_native, id=1924, stack(0x0000000017660000,0x0000000017760000)]
  0x0000000016f8f800 JavaThread "C2 CompilerThread0" daemon [_thread_in_native, id=2288, stack(0x0000000017560000,0x0000000017660000)]
  0x0000000016f8c800 JavaThread "Attach Listener" daemon [_thread_blocked, id=7976, stack(0x0000000017460000,0x0000000017560000)]
  0x0000000016fdc800 JavaThread "Signal Dispatcher" daemon [_thread_blocked, id=8092, stack(0x0000000017360000,0x0000000017460000)]
  0x0000000002339800 JavaThread "Finalizer" daemon [_thread_blocked, id=10736, stack(0x0000000016d60000,0x0000000016e60000)]
  0x0000000014e7d800 JavaThread "Reference Handler" daemon [_thread_blocked, id=11956, stack(0x0000000016c60000,0x0000000016d60000)]
  0x000000000211d800 JavaThread "main" [_thread_blocked, id=8124, stack(0x0000000002120000,0x0000000002220000)]

Other Threads:
  0x0000000014e79000 VMThread [stack: 0x0000000016b60000,0x0000000016c60000] [id=11576]
  0x000000001700e000 WatcherThread [stack: 0x0000000017a60000,0x0000000017b60000] [id=9904]

VM state:not at safepoint (normal execution)

VM Mutex/Monitor currently owned by a thread: None

Heap:
 PSYoungGen      total 38400K, used 15747K [0x00000000eab00000, 0x00000000ed580000, 0x0000000100000000)
  eden space 33280K, 31% used [0x00000000eab00000,0x00000000eb563fc8,0x00000000ecb80000)
  from space 5120K, 99% used [0x00000000ecb80000,0x00000000ed07cec8,0x00000000ed080000)
  to   space 5120K, 0% used [0x00000000ed080000,0x00000000ed080000,0x00000000ed580000)
 ParOldGen       total 87552K, used 747K [0x00000000c0000000, 0x00000000c5580000, 0x00000000eab00000)
  object space 87552K, 0% used [0x00000000c0000000,0x00000000c00badb8,0x00000000c5580000)
 Metaspace       used 5959K, capacity 6896K, committed 7040K, reserved 1056768K
  class space    used 595K, capacity 616K, committed 640K, reserved 1048576K

Card table byte_map: [0x0000000011700000,0x0000000011910000] byte_map_base: 0x0000000011100000

Marking Bits: (ParMarkBitMap*) 0x000000005560a5b0
 Begin Bits: [0x0000000012270000, 0x0000000013270000)
 End Bits:   [0x0000000013270000, 0x0000000014270000)

Polling page: 0x00000000004f0000

CodeCache: size=245760Kb used=4339Kb max_used=4339Kb free=241420Kb
 bounds [0x0000000002340000, 0x0000000002790000, 0x0000000011340000]
 total_blobs=1391 nmethods=1124 adapters=180
 compilation: enabled

Compilation events (10 events):
Event: 0.865 Thread 0x0000000016fdf800 nmethod 1143 0x0000000002776cd0 code [0x0000000002776e80, 0x00000000027775b0]
Event: 0.865 Thread 0x0000000016fdf800 1142  s    3       com.android.dx.dex.file.MethodIdsSection::intern (55 bytes)
Event: 0.865 Thread 0x0000000016fdf800 nmethod 1142 0x0000000002777950 code [0x0000000002777b80, 0x0000000002778888]
Event: 0.865 Thread 0x0000000016fdf800 1147       3       com.android.dx.rop.code.BasicBlockList::getInstructionCount (48 bytes)
Event: 0.866 Thread 0x0000000016fdf800 nmethod 1147 0x0000000002778f90 code [0x0000000002779120, 0x00000000027797b0]
Event: 0.866 Thread 0x0000000016fdf800 1149       3       com.android.dx.ssa.SsaBasicBlock::replaceSuccessor (125 bytes)
Event: 0.867 Thread 0x0000000016fdf800 nmethod 1149 0x0000000002779a10 code [0x0000000002779ca0, 0x000000000277ab18]
Event: 0.867 Thread 0x0000000016fdf800 1146       3       java.util.TreeMap::rotateRight (96 bytes)
Event: 0.867 Thread 0x0000000016fdf800 nmethod 1146 0x000000000277b490 code [0x000000000277b600, 0x000000000277b950]
Event: 0.867 Thread 0x0000000016fdf800 1150       3       com.android.dx.dex.code.RopTranslator$TranslationVisitor::visitThrowingCstInsn (225 bytes)

GC Heap History (2 events):
Event: 0.711 GC heap before
{Heap before GC invocations=1 (full 0):
 PSYoungGen      total 38400K, used 33280K [0x00000000eab00000, 0x00000000ed580000, 0x0000000100000000)
  eden space 33280K, 100% used [0x00000000eab00000,0x00000000ecb80000,0x00000000ecb80000)
  from space 5120K, 0% used [0x00000000ed080000,0x00000000ed080000,0x00000000ed580000)
  to   space 5120K, 0% used [0x00000000ecb80000,0x00000000ecb80000,0x00000000ed080000)
 ParOldGen       total 87552K, used 0K [0x00000000c0000000, 0x00000000c5580000, 0x00000000eab00000)
  object space 87552K, 0% used [0x00000000c0000000,0x00000000c0000000,0x00000000c5580000)
 Metaspace       used 5882K, capacity 6768K, committed 7040K, reserved 1056768K
  class space    used 595K, capacity 616K, committed 640K, reserved 1048576K
Event: 0.769 GC heap after
Heap after GC invocations=1 (full 0):
 PSYoungGen      total 38400K, used 5107K [0x00000000eab00000, 0x00000000ed580000, 0x0000000100000000)
  eden space 33280K, 0% used [0x00000000eab00000,0x00000000eab00000,0x00000000ecb80000)
  from space 5120K, 99% used [0x00000000ecb80000,0x00000000ed07cec8,0x00000000ed080000)
  to   space 5120K, 0% used [0x00000000ed080000,0x00000000ed080000,0x00000000ed580000)
 ParOldGen       total 87552K, used 747K [0x00000000c0000000, 0x00000000c5580000, 0x00000000eab00000)
  object space 87552K, 0% used [0x00000000c0000000,0x00000000c00badb8,0x00000000c5580000)
 Metaspace       used 5882K, capacity 6768K, committed 7040K, reserved 1056768K
  class space    used 595K, capacity 616K, committed 640K, reserved 1048576K
}

Deoptimization events (4 events):
Event: 0.416 Thread 0x000000001731b000 Uncommon trap: reason=unstable_if action=reinterpret pc=0x00000000025706b0 method=java.util.BitSet.nextSetBit(I)I @ 87
Event: 0.419 Thread 0x000000001731b000 Uncommon trap: reason=unstable_if action=reinterpret pc=0x0000000002553cdc method=java.util.HashMap.getNode(ILjava/lang/Object;)Ljava/util/HashMap$Node; @ 129
Event: 0.426 Thread 0x000000001731b000 Uncommon trap: reason=class_check action=maybe_recompile pc=0x000000000257a130 method=com.android.dx.ssa.NormalSsaInsn.accept(Lcom/android/dx/ssa/SsaInsn$Visitor;)V @ 9
Event: 0.553 Thread 0x000000001731b000 Uncommon trap: reason=unstable_if action=reinterpret pc=0x0000000002673dbc method=com.android.dx.rop.code.LocalItem.hashCode()I @ 25

Internal exceptions (2 events):
Event: 0.032 Thread 0x000000000211d800 Exception <a 'java/lang/NoSuchMethodError': Method sun.misc.Unsafe.defineClass(Ljava/lang/String;[BII)Ljava/lang/Class; name or signature does not match> (0x00000000eab12e68) thrown at [C:\workspace\8-2-build-windows-amd64-cygwin\jdk8u65\4987\hotspot\src\s—”·?ñ— ?
Event: 0.032 Thread 0x000000000211d800 Exception <a 'java/lang/NoSuchMethodError': Method sun.misc.Unsafe.prefetchRead(Ljava/lang/Object;J)V name or signature does not match> (0x00000000eab13150) thrown at [C:\workspace\8-2-build-windows-amd64-cygwin\jdk8u65\4987\hotspot\src\share\vm\prims\jni.

Events (10 events):
Event: 0.577 loading class java/util/TreeMap$EntrySet
Event: 0.577 loading class java/util/TreeMap$EntrySet done
Event: 0.577 loading class java/util/TreeMap$EntryIterator
Event: 0.577 loading class java/util/TreeMap$EntryIterator done
Event: 0.577 Executing VM operation: Deoptimize
Event: 0.579 Executing VM operation: Deoptimize done
Event: 0.629 Executing VM operation: ParallelGCFailedAllocation
Event: 0.769 Executing VM operation: ParallelGCFailedAllocation done
Event: 0.859 Thread 0x000000001731a000 DEOPT PACKING pc=0x00000000025ca525 sp=0x000000001865ee70
Event: 0.859 Thread 0x000000001731a000 DEOPT UNPACKING pc=0x000000000238787f sp=0x000000001865ec60 mode 0


Dynamic libraries:
0x00007ff768b30000 - 0x00007ff768b67000 	C:\Program Files\Java\jdk1.8.0_65\bin\java.exe
0x00007fffbd270000 - 0x00007fffbd431000 	C:\WINDOWS\SYSTEM32\ntdll.dll
0x00007fffbab40000 - 0x00007fffbabed000 	C:\WINDOWS\system32\KERNEL32.DLL
0x00007fffb9b80000 - 0x00007fffb9d68000 	C:\WINDOWS\system32\KERNELBASE.dll
0x00007fffbac50000 - 0x00007fffbacf7000 	C:\WINDOWS\system32\ADVAPI32.dll
0x00007fffbad00000 - 0x00007fffbad9d000 	C:\WINDOWS\system32\msvcrt.dll
0x00007fffbbba0000 - 0x00007fffbbbfb000 	C:\WINDOWS\system32\sechost.dll
0x00007fffbb630000 - 0x00007fffbb74c000 	C:\WINDOWS\system32\RPCRT4.dll
0x00007fffba650000 - 0x00007fffba7a6000 	C:\WINDOWS\system32\USER32.dll
0x00007fffbb960000 - 0x00007fffbbae6000 	C:\WINDOWS\system32\GDI32.dll
0x00007fff9e9b0000 - 0x00007fff9ec24000 	C:\WINDOWS\WinSxS\amd64_microsoft.windows.common-controls_6595b64144ccf1df_6.0.10586.0_none_8c15ae12515e1c22\COMCTL32.dll
0x00007fffbada0000 - 0x00007fffbb01d000 	C:\WINDOWS\system32\combase.dll
0x00007fffba5e0000 - 0x00007fffba64a000 	C:\WINDOWS\system32\bcryptPrimitives.dll
0x00007fffbb920000 - 0x00007fffbb95b000 	C:\WINDOWS\system32\IMM32.DLL
0x0000000054980000 - 0x0000000054a52000 	C:\Program Files\Java\jdk1.8.0_65\jre\bin\msvcr100.dll
0x0000000054e00000 - 0x0000000055689000 	C:\Program Files\Java\jdk1.8.0_65\jre\bin\server\jvm.dll
0x00007fffba900000 - 0x00007fffba908000 	C:\WINDOWS\system32\PSAPI.DLL
0x00007fffb13b0000 - 0x00007fffb13b9000 	C:\WINDOWS\SYSTEM32\WSOCK32.dll
0x00007fffb7f40000 - 0x00007fffb7f63000 	C:\WINDOWS\SYSTEM32\WINMM.dll
0x00007fffbaad0000 - 0x00007fffbab3b000 	C:\WINDOWS\system32\WS2_32.dll
0x00007fffb0f80000 - 0x00007fffb0f8a000 	C:\WINDOWS\SYSTEM32\VERSION.dll
0x00000000020b0000 - 0x00000000020dc000 	C:\WINDOWS\SYSTEM32\WINMMBASE.dll
0x00007fffb9e20000 - 0x00007fffb9e63000 	C:\WINDOWS\system32\cfgmgr32.dll
0x0000000054df0000 - 0x0000000054dff000 	C:\Program Files\Java\jdk1.8.0_65\jre\bin\verify.dll
0x0000000054dc0000 - 0x0000000054de9000 	C:\Program Files\Java\jdk1.8.0_65\jre\bin\java.dll
0x0000000054da0000 - 0x0000000054db6000 	C:\Program Files\Java\jdk1.8.0_65\jre\bin\zip.dll
0x00007fffbbcf0000 - 0x00007fffbd24c000 	C:\WINDOWS\system32\SHELL32.dll
0x00007fffb9f90000 - 0x00007fffba5d5000 	C:\WINDOWS\system32\windows.storage.dll
0x00007fffbbc20000 - 0x00007fffbbc72000 	C:\WINDOWS\system32\shlwapi.dll
0x00007fffb98f0000 - 0x00007fffb98ff000 	C:\WINDOWS\system32\kernel.appcore.dll
0x00007fffb9ed0000 - 0x00007fffb9f85000 	C:\WINDOWS\system32\shcore.dll
0x00007fffb98a0000 - 0x00007fffb98eb000 	C:\WINDOWS\system32\powrprof.dll
0x00007fffb9880000 - 0x00007fffb9894000 	C:\WINDOWS\system32\profapi.dll

VM Arguments:
jvm_args: -Djava.awt.headless=true -Xmx1024M -Dfile.encoding=windows-1256 -Duser.country=US -Duser.language=en -Duser.variant 
java_command: com.android.dx.command.Main --dex --num-threads=4 --output C:\Users\User\AndroidStudioProjects\DataReceiver\app\build\intermediates\pre-dexed\debug\internal_impl-23.1.1_f63ba2e6550e368334721cfac226b8246c3f2b77.jar C:\Users\User\AndroidStudioProjects\DataReceiver\app\build\intermediates\exploded-aar\com.android.support\support-v4\23.1.1\jars\libs\internal_impl-23.1.1.jar
java_class_path (initial): C:\Users\User\AppData\Local\Android\sdk\build-tools\23.0.2\lib\dx.jar
Launcher Type: SUN_STANDARD

Environment Variables:
PATH=C:\ProgramData\Oracle\Java\javapath;C:\Program Files (x86)\Google\Chrome\Application;C:\Program Files\Common Files\Microsoft Shared\Windows Live;C:\Program Files (x86)\Common Files\Microsoft Shared\Windows Live;C:\Windows\system32;C:\Windows;C:\Windows\System32\Wbem;C:\Windows\System32\WindowsPowerShell\v1.0\;C:\Program Files (x86)\Windows Live\Shared;C:\Program Files (x86)\Intel\OpenCL SDK\2.0\bin\x86;C:\Program Files (x86)\Intel\OpenCL SDK\2.0\bin\x64;C:\Program Files (x86)\nodejs\;C:\Program Files\Microsoft SQL Server\Client SDK\ODBC\110\Tools\Binn\;C:\Program Files (x86)\Microsoft SQL Server\120\Tools\Binn\ManagementStudio\;C:\Program Files (x86)\Microsoft SQL Server\120\Tools\Binn\;C:\Program Files\Microsoft SQL Server\120\Tools\Binn\;C:\Program Files (x86)\Microsoft SQL Server\120\DTS\Binn\;C:\Program Files\Microsoft SQL Server\120\DTS\Binn\;C:\Users\User\AppData\Roaming\npm;C:\Program Files (x86)\Java\jre7\bin;C:\Program Files (x86)\Ampps\php;C:\ProgramData\ComposerSetup\bin;C:\Users\User\AppData\Roaming\Composer\vendor\bin;C:\Program Files (x86)\Git\cmd;C:\WINDOWS\system32\config\systemprofile\.dnx\bin;C:\Program Files\Microsoft DNX\Dnvm\;C:\Program Files (x86)\VisualSVN\bin;C:\Program Files\TortoiseSVN\bin;C:\WINDOWS\system32;C:\WINDOWS;C:\WINDOWS\System32\Wbem;C:\WINDOWS\System32\WindowsPowerShell\v1.0\;C:\Users\User\AppData\Roaming\npm;C:\Program Files (x86)\Java\jre7\bin;C:\Users\User\AppData\Local\Code\bin
USERNAME=User
OS=Windows_NT
PROCESSOR_IDENTIFIER=Intel64 Family 6 Model 58 Stepping 9, GenuineIntel



---------------  S Y S T E M  ---------------

OS: Windows 10.0 , 64 bit Build 10586 (10.0.10586.0)

CPU:total 8 (4 cores per cpu, 2 threads per core) family 6 model 58 stepping 9, cmov, cx8, fxsr, mmx, sse, sse2, sse3, ssse3, sse4.1, sse4.2, popcnt, avx, aes, clmul, erms, ht, tsc, tscinvbit, tscinv

Memory: 4k page, physical 8272428k(2466136k free), swap 9321004k(4436k free)

vm_info: Java HotSpot(TM) 64-Bit Server VM (25.65-b01) for windows-amd64 JRE (1.8.0_65-b17), built on Oct  6 2015 16:39:20 by "java_re" with MS VC++ 10.0 (VS2010)

time: Thu Feb 18 13:47:19 2016
elapsed time: 0 seconds (0d 0h 0m 0s)

