#
# There is insufficient memory for the Java Runtime Environment to continue.
# Native memory allocation (malloc) failed to allocate 1701536 bytes for Chunk::new
# Possible reasons:
#   The system is out of physical RAM or swap space
#   In 32 bit mode, the process size limit was hit
# Possible solutions:
#   Reduce memory load on the system
#   Increase physical memory or swap space
#   Check if swap backing store is full
#   Use 64 bit Java on a 64 bit OS
#   Decrease Java heap size (-Xmx/-Xms)
#   Decrease number of Java threads
#   Decrease Java thread stack sizes (-Xss)
#   Set larger code cache with -XX:ReservedCodeCacheSize=
# This output file may be truncated or incomplete.
#
#  Out of Memory Error (allocation.cpp:390), pid=5652, tid=8372
#
# JRE version: Java(TM) SE Runtime Environment (8.0_65-b17) (build 1.8.0_65-b17)
# Java VM: Java HotSpot(TM) 64-Bit Server VM (25.65-b01 mixed mode windows-amd64 compressed oops)
# Failed to write core dump. Minidumps are not enabled by default on client versions of Windows
#

---------------  T H R E A D  ---------------

Current thread (0x0000000016f65000):  JavaThread "C2 CompilerThread1" daemon [_thread_in_native, id=8372, stack(0x0000000017630000,0x0000000017730000)]

Stack: [0x0000000017630000,0x0000000017730000]
[error occurred during error reporting (printing stack bounds), id 0xc0000005]

Native frames: (J=compiled Java code, j=interpreted, Vv=VM code, C=native code)


Current CompileTask:
C2:    842 1090   !   4       com.android.dx.cf.cst.ConstantPoolParser::parse0 (731 bytes)


---------------  P R O C E S S  ---------------

Java Threads: ( => current thread )
  0x00000000172a6000 JavaThread "pool-1-thread-4" [_thread_blocked, id=9436, stack(0x0000000018730000,0x0000000018830000)]
  0x00000000172a3800 JavaThread "pool-1-thread-3" [_thread_blocked, id=6620, stack(0x0000000018630000,0x0000000018730000)]
  0x00000000172a2800 JavaThread "pool-1-thread-2" [_thread_blocked, id=5972, stack(0x0000000018530000,0x0000000018630000)]
  0x0000000017328000 JavaThread "pool-2-thread-1" [_thread_blocked, id=8456, stack(0x0000000018430000,0x0000000018530000)]
  0x00000000172ed000 JavaThread "pool-1-thread-1" [_thread_blocked, id=2660, stack(0x0000000018330000,0x0000000018430000)]
  0x000000001703b800 JavaThread "Service Thread" daemon [_thread_blocked, id=2024, stack(0x0000000017930000,0x0000000017a30000)]
  0x0000000016fb5800 JavaThread "C1 CompilerThread3" daemon [_thread_blocked, id=11532, stack(0x0000000017830000,0x0000000017930000)]
  0x0000000016fb1000 JavaThread "C2 CompilerThread2" daemon [_thread_in_native, id=10328, stack(0x0000000017730000,0x0000000017830000)]
=>0x0000000016f65000 JavaThread "C2 CompilerThread1" daemon [_thread_in_native, id=8372, stack(0x0000000017630000,0x0000000017730000)]
  0x0000000016f60800 JavaThread "C2 CompilerThread0" daemon [_thread_in_native, id=7160, stack(0x0000000017530000,0x0000000017630000)]
  0x0000000016f5e800 JavaThread "Attach Listener" daemon [_thread_blocked, id=6948, stack(0x0000000017430000,0x0000000017530000)]
  0x0000000016fab800 JavaThread "Signal Dispatcher" daemon [_thread_blocked, id=3960, stack(0x0000000017330000,0x0000000017430000)]
  0x00000000022e9800 JavaThread "Finalizer" daemon [_thread_blocked, id=7236, stack(0x0000000016d20000,0x0000000016e20000)]
  0x0000000014e2d800 JavaThread "Reference Handler" daemon [_thread_blocked, id=7748, stack(0x0000000016c20000,0x0000000016d20000)]
  0x00000000020ed800 JavaThread "main" [_thread_blocked, id=7768, stack(0x00000000020f0000,0x00000000021f0000)]

Other Threads:
  0x0000000014e29000 VMThread [stack: 0x0000000016b20000,0x0000000016c20000] [id=8952]
  0x00000000170b7800 WatcherThread [stack: 0x0000000017a30000,0x0000000017b30000] [id=220]

VM state:not at safepoint (normal execution)

VM Mutex/Monitor currently owned by a thread: None

Heap:
 PSYoungGen      total 38400K, used 27648K [0x00000000eab00000, 0x00000000ef600000, 0x0000000100000000)
  eden space 33280K, 67% used [0x00000000eab00000,0x00000000ec1040e8,0x00000000ecb80000)
  from space 5120K, 99% used [0x00000000ecb80000,0x00000000ed07c130,0x00000000ed080000)
  to   space 5120K, 0% used [0x00000000ef100000,0x00000000ef100000,0x00000000ef600000)
 ParOldGen       total 87552K, used 309K [0x00000000c0000000, 0x00000000c5580000, 0x00000000eab00000)
  object space 87552K, 0% used [0x00000000c0000000,0x00000000c004d5f0,0x00000000c5580000)
 Metaspace       used 6080K, capacity 6960K, committed 7040K, reserved 1056768K
  class space    used 601K, capacity 616K, committed 640K, reserved 1048576K

Card table byte_map: [0x00000000116b0000,0x00000000118c0000] byte_map_base: 0x00000000110b0000

Marking Bits: (ParMarkBitMap*) 0x000000005560a5b0
 Begin Bits: [0x0000000012220000, 0x0000000013220000)
 End Bits:   [0x0000000013220000, 0x0000000014220000)

Polling page: 0x0000000002020000

CodeCache: size=245760Kb used=4641Kb max_used=4653Kb free=241118Kb
 bounds [0x00000000022f0000, 0x0000000002790000, 0x00000000112f0000]
 total_blobs=1473 nmethods=1206 adapters=180
 compilation: enabled

Compilation events (10 events):
Event: 0.804 Thread 0x0000000016fb5800 nmethod 1211 0x0000000002778e50 code [0x0000000002778fc0, 0x0000000002779408]
Event: 0.804 Thread 0x0000000016fb5800 1202       3       com.android.dx.dex.code.RopTranslator$TranslationVisitor::getNextMoveResultPseudo (55 bytes)
Event: 0.804 Thread 0x0000000016fb5800 nmethod 1202 0x0000000002779510 code [0x00000000027796c0, 0x0000000002779fb8]
Event: 0.804 Thread 0x0000000016fb5800 1225       3       com.android.dx.cf.attrib.AttLineNumberTable::byteLength (13 bytes)
Event: 0.804 Thread 0x0000000016fb5800 nmethod 1225 0x000000000277a210 code [0x000000000277a380, 0x000000000277a5d0]
Event: 0.804 Thread 0x0000000016fb5800 1232       3       java.util.TreeMap$Values::iterator (19 bytes)
Event: 0.829 Thread 0x0000000016fb1000 nmethod 1200 0x000000000277dd10 code [0x000000000277dec0, 0x000000000277e8d8]
Event: 0.829 Thread 0x0000000016fb1000 1215       4       com.android.dx.cf.code.Ropper::labelToResultIndex (47 bytes)
Event: 0.833 Thread 0x0000000016fb1000 nmethod 1215 0x000000000277a910 code [0x000000000277aa60, 0x000000000277acf8]
Event: 0.833 Thread 0x0000000016fb1000 1212   !   4       com.android.dx.rop.code.BasicBlock::<init> (273 bytes)

GC Heap History (2 events):
Event: 0.574 GC heap before
{Heap before GC invocations=1 (full 0):
 PSYoungGen      total 38400K, used 33280K [0x00000000eab00000, 0x00000000ed580000, 0x0000000100000000)
  eden space 33280K, 100% used [0x00000000eab00000,0x00000000ecb80000,0x00000000ecb80000)
  from space 5120K, 0% used [0x00000000ed080000,0x00000000ed080000,0x00000000ed580000)
  to   space 5120K, 0% used [0x00000000ecb80000,0x00000000ecb80000,0x00000000ed080000)
 ParOldGen       total 87552K, used 0K [0x00000000c0000000, 0x00000000c5580000, 0x00000000eab00000)
  object space 87552K, 0% used [0x00000000c0000000,0x00000000c0000000,0x00000000c5580000)
 Metaspace       used 5909K, capacity 6832K, committed 7040K, reserved 1056768K
  class space    used 600K, capacity 616K, committed 640K, reserved 1048576K
Event: 0.592 GC heap after
Heap after GC invocations=1 (full 0):
 PSYoungGen      total 38400K, used 5104K [0x00000000eab00000, 0x00000000ef600000, 0x0000000100000000)
  eden space 33280K, 0% used [0x00000000eab00000,0x00000000eab00000,0x00000000ecb80000)
  from space 5120K, 99% used [0x00000000ecb80000,0x00000000ed07c130,0x00000000ed080000)
  to   space 5120K, 0% used [0x00000000ef100000,0x00000000ef100000,0x00000000ef600000)
 ParOldGen       total 87552K, used 309K [0x00000000c0000000, 0x00000000c5580000, 0x00000000eab00000)
  object space 87552K, 0% used [0x00000000c0000000,0x00000000c004d5f0,0x00000000c5580000)
 Metaspace       used 5909K, capacity 6832K, committed 7040K, reserved 1056768K
  class space    used 600K, capacity 616K, committed 640K, reserved 1048576K
}

Deoptimization events (10 events):
Event: 0.643 Thread 0x00000000172a3800 Uncommon trap: reason=class_check action=maybe_recompile pc=0x00000000026232a0 method=com.android.dx.rop.type.Type.equals(Ljava/lang/Object;)Z @ 8
Event: 0.645 Thread 0x00000000172a3800 Uncommon trap: reason=null_check action=make_not_entrant pc=0x00000000026232b0 method=com.android.dx.rop.type.Type.equals(Ljava/lang/Object;)Z @ 8
Event: 0.696 Thread 0x00000000172a6000 Uncommon trap: reason=unstable_if action=reinterpret pc=0x0000000002674078 method=com.android.dx.cf.code.Ropper.labelToResultIndex(I)I @ 34
Event: 0.696 Thread 0x00000000172a6000 Uncommon trap: reason=class_check action=maybe_recompile pc=0x00000000025e51fc method=com.android.dx.rop.type.Type.equals(Ljava/lang/Object;)Z @ 8
Event: 0.696 Thread 0x00000000172a6000 Uncommon trap: reason=class_check action=maybe_recompile pc=0x00000000025e51fc method=com.android.dx.rop.type.Type.equals(Ljava/lang/Object;)Z @ 8
Event: 0.696 Thread 0x00000000172a6000 Uncommon trap: reason=class_check action=maybe_recompile pc=0x00000000025e51fc method=com.android.dx.rop.type.Type.equals(Ljava/lang/Object;)Z @ 8
Event: 0.704 Thread 0x00000000172a6000 Uncommon trap: reason=class_check action=maybe_recompile pc=0x00000000025cff08 method=com.android.dx.rop.type.Type.equals(Ljava/lang/Object;)Z @ 8
Event: 0.704 Thread 0x00000000172a6000 Uncommon trap: reason=class_check action=maybe_recompile pc=0x00000000025ce864 method=com.android.dx.rop.type.Type.equals(Ljava/lang/Object;)Z @ 8
Event: 0.802 Thread 0x00000000020ed800 Uncommon trap: reason=unstable_if action=reinterpret pc=0x0000000002622b6c method=com.android.dx.rop.code.RegisterSpecSet.put(Lcom/android/dx/rop/code/RegisterSpec;)V @ 77
Event: 0.802 Thread 0x00000000020ed800 Uncommon trap: reason=unstable_if action=reinterpret pc=0x000000000263d4ec method=com.android.dx.rop.code.RegisterSpecSet.put(Lcom/android/dx/rop/code/RegisterSpec;)V @ 77

Internal exceptions (3 events):
Event: 0.032 Thread 0x00000000020ed800 Exception <a 'java/lang/NoSuchMethodError': Method sun.misc.Unsafe.defineClass(Ljava/lang/String;[BII)Ljava/lang/Class; name or signature does not match> (0x00000000eab12d50) thrown at [C:\workspace\8-2-build-windows-amd64-cygwin\jdk8u65\4987\hotspot\src\sCÃ[HAœ ?
Event: 0.032 Thread 0x00000000020ed800 Exception <a 'java/lang/NoSuchMethodError': Method sun.misc.Unsafe.prefetchRead(Ljava/lang/Object;J)V name or signature does not match> (0x00000000eab13038) thrown at [C:\workspace\8-2-build-windows-amd64-cygwin\jdk8u65\4987\hotspot\src\share\vm\prims\jni.©BÕ‹¢ä?
Event: 0.645 Thread 0x00000000172a3800 Implicit null exception at 0x00000000026231a2 to 0x00000000026232a1

Events (10 events):
Event: 0.704 Thread 0x00000000172a6000 DEOPT PACKING pc=0x00000000025ce864 sp=0x000000001882e0d0
Event: 0.704 Thread 0x00000000172a6000 DEOPT UNPACKING pc=0x000000000233582a sp=0x000000001882dec8 mode 2
Event: 0.802 Thread 0x00000000020ed800 Uncommon trap: trap_request=0xffffff65 fr.pc=0x0000000002622b6c
Event: 0.802 Thread 0x00000000020ed800 DEOPT PACKING pc=0x0000000002622b6c sp=0x00000000021edfd0
Event: 0.802 Thread 0x00000000020ed800 DEOPT UNPACKING pc=0x000000000233582a sp=0x00000000021edf58 mode 2
Event: 0.802 Thread 0x00000000020ed800 Uncommon trap: trap_request=0xffffff65 fr.pc=0x000000000263d4ec
Event: 0.802 Thread 0x00000000020ed800 DEOPT PACKING pc=0x000000000263d4ec sp=0x00000000021edfc0
Event: 0.802 Thread 0x00000000020ed800 DEOPT UNPACKING pc=0x000000000233582a sp=0x00000000021edee0 mode 2
Event: 0.804 Executing VM operation: ForceSafepoint
Event: 0.820 Executing VM operation: ForceSafepoint done


Dynamic libraries:
0x00007ff768b30000 - 0x00007ff768b67000 	C:\Program Files\Java\jdk1.8.0_65\bin\java.exe
0x00007fffbd270000 - 0x00007fffbd431000 	C:\WINDOWS\SYSTEM32\ntdll.dll
0x00007fffbab40000 - 0x00007fffbabed000 	C:\WINDOWS\system32\KERNEL32.DLL
0x00007fffb9b80000 - 0x00007fffb9d68000 	C:\WINDOWS\system32\KERNELBASE.dll
0x00007fffbac50000 - 0x00007fffbacf7000 	C:\WINDOWS\system32\ADVAPI32.dll
0x00007fffbad00000 - 0x00007fffbad9d000 	C:\WINDOWS\system32\msvcrt.dll
0x00007fffbbba0000 - 0x00007fffbbbfb000 	C:\WINDOWS\system32\sechost.dll
0x00007fffbb630000 - 0x00007fffbb74c000 	C:\WINDOWS\system32\RPCRT4.dll
0x00007fffba650000 - 0x00007fffba7a6000 	C:\WINDOWS\system32\USER32.dll
0x00007fffbb960000 - 0x00007fffbbae6000 	C:\WINDOWS\system32\GDI32.dll
0x00007fff9e9b0000 - 0x00007fff9ec24000 	C:\WINDOWS\WinSxS\amd64_microsoft.windows.common-controls_6595b64144ccf1df_6.0.10586.0_none_8c15ae12515e1c22\COMCTL32.dll
0x00007fffbada0000 - 0x00007fffbb01d000 	C:\WINDOWS\system32\combase.dll
0x00007fffba5e0000 - 0x00007fffba64a000 	C:\WINDOWS\system32\bcryptPrimitives.dll
0x00007fffbb920000 - 0x00007fffbb95b000 	C:\WINDOWS\system32\IMM32.DLL
0x0000000054980000 - 0x0000000054a52000 	C:\Program Files\Java\jdk1.8.0_65\jre\bin\msvcr100.dll
0x0000000054e00000 - 0x0000000055689000 	C:\Program Files\Java\jdk1.8.0_65\jre\bin\server\jvm.dll
0x00007fffba900000 - 0x00007fffba908000 	C:\WINDOWS\system32\PSAPI.DLL
0x00007fffb13b0000 - 0x00007fffb13b9000 	C:\WINDOWS\SYSTEM32\WSOCK32.dll
0x00007fffbaad0000 - 0x00007fffbab3b000 	C:\WINDOWS\system32\WS2_32.dll
0x00007fffb7f40000 - 0x00007fffb7f63000 	C:\WINDOWS\SYSTEM32\WINMM.dll
0x00007fffb0f80000 - 0x00007fffb0f8a000 	C:\WINDOWS\SYSTEM32\VERSION.dll
0x00007fffb7ee0000 - 0x00007fffb7f0c000 	C:\WINDOWS\SYSTEM32\winmmbase.dll
0x00007fffb9e20000 - 0x00007fffb9e63000 	C:\WINDOWS\system32\cfgmgr32.dll
0x0000000054df0000 - 0x0000000054dff000 	C:\Program Files\Java\jdk1.8.0_65\jre\bin\verify.dll
0x0000000054dc0000 - 0x0000000054de9000 	C:\Program Files\Java\jdk1.8.0_65\jre\bin\java.dll
0x0000000054da0000 - 0x0000000054db6000 	C:\Program Files\Java\jdk1.8.0_65\jre\bin\zip.dll
0x00007fffbbcf0000 - 0x00007fffbd24c000 	C:\WINDOWS\system32\SHELL32.dll
0x00007fffb9f90000 - 0x00007fffba5d5000 	C:\WINDOWS\system32\windows.storage.dll
0x00007fffbbc20000 - 0x00007fffbbc72000 	C:\WINDOWS\system32\shlwapi.dll
0x00007fffb98f0000 - 0x00007fffb98ff000 	C:\WINDOWS\system32\kernel.appcore.dll
0x00007fffb9ed0000 - 0x00007fffb9f85000 	C:\WINDOWS\system32\shcore.dll
0x00007fffb98a0000 - 0x00007fffb98eb000 	C:\WINDOWS\system32\powrprof.dll
0x00007fffb9880000 - 0x00007fffb9894000 	C:\WINDOWS\system32\profapi.dll

VM Arguments:
jvm_args: -Djava.awt.headless=true -Xmx1024M -Dfile.encoding=windows-1256 -Duser.country=US -Duser.language=en -Duser.variant 
java_command: com.android.dx.command.Main --dex --num-threads=4 --output C:\Users\User\AndroidStudioProjects\DataReceiver\app\build\intermediates\pre-dexed\debug\com.android.support-support-v4-23.1.1_1307183a39a79adf9dd818eecc9a15b711b91045.jar C:\Users\User\AndroidStudioProjects\DataReceiver\app\build\intermediates\exploded-aar\com.android.support\support-v4\23.1.1\jars\classes.jar
java_class_path (initial): C:\Users\User\AppData\Local\Android\sdk\build-tools\23.0.2\lib\dx.jar
Launcher Type: SUN_STANDARD

Environment Variables:
PATH=C:\ProgramData\Oracle\Java\javapath;C:\Program Files (x86)\Google\Chrome\Application;C:\Program Files\Common Files\Microsoft Shared\Windows Live;C:\Program Files (x86)\Common Files\Microsoft Shared\Windows Live;C:\Windows\system32;C:\Windows;C:\Windows\System32\Wbem;C:\Windows\System32\WindowsPowerShell\v1.0\;C:\Program Files (x86)\Windows Live\Shared;C:\Program Files (x86)\Intel\OpenCL SDK\2.0\bin\x86;C:\Program Files (x86)\Intel\OpenCL SDK\2.0\bin\x64;C:\Program Files (x86)\nodejs\;C:\Program Files\Microsoft SQL Server\Client SDK\ODBC\110\Tools\Binn\;C:\Program Files (x86)\Microsoft SQL Server\120\Tools\Binn\ManagementStudio\;C:\Program Files (x86)\Microsoft SQL Server\120\Tools\Binn\;C:\Program Files\Microsoft SQL Server\120\Tools\Binn\;C:\Program Files (x86)\Microsoft SQL Server\120\DTS\Binn\;C:\Program Files\Microsoft SQL Server\120\DTS\Binn\;C:\Users\User\AppData\Roaming\npm;C:\Program Files (x86)\Java\jre7\bin;C:\Program Files (x86)\Ampps\php;C:\ProgramData\ComposerSetup\bin;C:\Users\User\AppData\Roaming\Composer\vendor\bin;C:\Program Files (x86)\Git\cmd;C:\WINDOWS\system32\config\systemprofile\.dnx\bin;C:\Program Files\Microsoft DNX\Dnvm\;C:\Program Files (x86)\VisualSVN\bin;C:\Program Files\TortoiseSVN\bin;C:\WINDOWS\system32;C:\WINDOWS;C:\WINDOWS\System32\Wbem;C:\WINDOWS\System32\WindowsPowerShell\v1.0\;C:\Users\User\AppData\Roaming\npm;C:\Program Files (x86)\Java\jre7\bin;C:\Users\User\AppData\Local\Code\bin
USERNAME=User
OS=Windows_NT
PROCESSOR_IDENTIFIER=Intel64 Family 6 Model 58 Stepping 9, GenuineIntel



---------------  S Y S T E M  ---------------

OS: Windows 10.0 , 64 bit Build 10586 (10.0.10586.0)

CPU:total 8 (4 cores per cpu, 2 threads per core) family 6 model 58 stepping 9, cmov, cx8, fxsr, mmx, sse, sse2, sse3, ssse3, sse4.1, sse4.2, popcnt, avx, aes, clmul, erms, ht, tsc, tscinvbit, tscinv

Memory: 4k page, physical 8272428k(2468716k free), swap 9321004k(5312k free)

vm_info: Java HotSpot(TM) 64-Bit Server VM (25.65-b01) for windows-amd64 JRE (1.8.0_65-b17), built on Oct  6 2015 16:39:20 by "java_re" with MS VC++ 10.0 (VS2010)

time: Thu Feb 18 13:47:19 2016
elapsed time: 0 seconds (0d 0h 0m 0s)

