#
# There is insufficient memory for the Java Runtime Environment to continue.
# Native memory allocation (malloc) failed to allocate 1669072 bytes for Chunk::new
# Possible reasons:
#   The system is out of physical RAM or swap space
#   In 32 bit mode, the process size limit was hit
# Possible solutions:
#   Reduce memory load on the system
#   Increase physical memory or swap space
#   Check if swap backing store is full
#   Use 64 bit Java on a 64 bit OS
#   Decrease Java heap size (-Xmx/-Xms)
#   Decrease number of Java threads
#   Decrease Java thread stack sizes (-Xss)
#   Set larger code cache with -XX:ReservedCodeCacheSize=
# This output file may be truncated or incomplete.
#
#  Out of Memory Error (allocation.cpp:390), pid=7876, tid=8124
#
# JRE version: Java(TM) SE Runtime Environment (8.0_65-b17) (build 1.8.0_65-b17)
# Java VM: Java HotSpot(TM) 64-Bit Server VM (25.65-b01 mixed mode windows-amd64 compressed oops)
# Failed to write core dump. Minidumps are not enabled by default on client versions of Windows
#

---------------  T H R E A D  ---------------

Current thread (0x0000000016fff800):  JavaThread "C2 CompilerThread0" daemon [_thread_in_native, id=8124, stack(0x00000000175d0000,0x00000000176d0000)]

Stack: [0x00000000175d0000,0x00000000176d0000]
[error occurred during error reporting (printing stack bounds), id 0xc0000005]

Native frames: (J=compiled Java code, j=interpreted, Vv=VM code, C=native code)


Current CompileTask:
C2:   5029 1841   !   4       com.android.dx.cf.code.BytecodeArray::parseInstruction (2764 bytes)


---------------  P R O C E S S  ---------------

Java Threads: ( => current thread )
  0x0000000017d0a800 JavaThread "pool-1-thread-4" [_thread_blocked, id=7272, stack(0x00000000187d0000,0x00000000188d0000)]
  0x0000000017364800 JavaThread "pool-1-thread-3" [_thread_in_Java, id=5652, stack(0x00000000186d0000,0x00000000187d0000)]
  0x0000000017364000 JavaThread "pool-1-thread-2" [_thread_blocked, id=12116, stack(0x00000000185d0000,0x00000000186d0000)]
  0x0000000017beb800 JavaThread "pool-2-thread-1" [_thread_blocked, id=10308, stack(0x00000000184d0000,0x00000000185d0000)]
  0x00000000172df800 JavaThread "pool-1-thread-1" [_thread_in_Java, id=8240, stack(0x00000000183d0000,0x00000000184d0000)]
  0x0000000017007800 JavaThread "Service Thread" daemon [_thread_blocked, id=8436, stack(0x00000000179d0000,0x0000000017ad0000)]
  0x0000000017053800 JavaThread "C1 CompilerThread3" daemon [_thread_blocked, id=12212, stack(0x00000000178d0000,0x00000000179d0000)]
  0x000000001704d000 JavaThread "C2 CompilerThread2" daemon [_thread_in_native, id=5152, stack(0x00000000177d0000,0x00000000178d0000)]
  0x0000000017003000 JavaThread "C2 CompilerThread1" daemon [_thread_in_native, id=11052, stack(0x00000000176d0000,0x00000000177d0000)]
=>0x0000000016fff800 JavaThread "C2 CompilerThread0" daemon [_thread_in_native, id=8124, stack(0x00000000175d0000,0x00000000176d0000)]
  0x0000000016ffc800 JavaThread "Attach Listener" daemon [_thread_blocked, id=9648, stack(0x00000000174d0000,0x00000000175d0000)]
  0x000000001704c800 JavaThread "Signal Dispatcher" daemon [_thread_blocked, id=10672, stack(0x00000000173d0000,0x00000000174d0000)]
  0x00000000024e9800 JavaThread "Finalizer" daemon [_thread_blocked, id=11364, stack(0x0000000016ed0000,0x0000000016fd0000)]
  0x000000001500d800 JavaThread "Reference Handler" daemon [_thread_blocked, id=11480, stack(0x0000000016dd0000,0x0000000016ed0000)]
  0x00000000021ed800 JavaThread "main" [_thread_blocked, id=6028, stack(0x00000000022f0000,0x00000000023f0000)]

Other Threads:
  0x0000000015009000 VMThread [stack: 0x0000000016cd0000,0x0000000016dd0000] [id=7772]
  0x000000001714a000 WatcherThread [stack: 0x0000000017ad0000,0x0000000017bd0000] [id=10232]

VM state:not at safepoint (normal execution)

VM Mutex/Monitor currently owned by a thread: None

Heap:
 PSYoungGen      total 71680K, used 14254K [0x00000000eab00000, 0x00000000f4e00000, 0x0000000100000000)
  eden space 66560K, 13% used [0x00000000eab00000,0x00000000eb3eff58,0x00000000eec00000)
  from space 5120K, 99% used [0x00000000eec00000,0x00000000ef0fb8d8,0x00000000ef100000)
  to   space 16896K, 0% used [0x00000000f3d80000,0x00000000f3d80000,0x00000000f4e00000)
 ParOldGen       total 87552K, used 23477K [0x00000000c0000000, 0x00000000c5580000, 0x00000000eab00000)
  object space 87552K, 26% used [0x00000000c0000000,0x00000000c16ed490,0x00000000c5580000)
 Metaspace       used 6419K, capacity 7216K, committed 7296K, reserved 1056768K
  class space    used 603K, capacity 616K, committed 640K, reserved 1048576K

Card table byte_map: [0x00000000118b0000,0x0000000011ac0000] byte_map_base: 0x00000000112b0000

Marking Bits: (ParMarkBitMap*) 0x000000005560a5b0
 Begin Bits: [0x0000000012420000, 0x0000000013420000)
 End Bits:   [0x0000000013420000, 0x0000000014420000)

Polling page: 0x0000000000970000

CodeCache: size=245760Kb used=7406Kb max_used=7406Kb free=238353Kb
 bounds [0x00000000024f0000, 0x0000000002c40000, 0x00000000114f0000]
 total_blobs=2154 nmethods=1886 adapters=180
 compilation: enabled

Compilation events (10 events):
Event: 5.022 Thread 0x0000000017053800 1927       2       com.android.dx.cf.iface.StdField::getConstantValue (28 bytes)
Event: 5.022 Thread 0x0000000017053800 nmethod 1927 0x0000000002c1ac90 code [0x0000000002c1ae00, 0x0000000002c1b008]
Event: 5.022 Thread 0x0000000017053800 1928       2       com.android.dx.dex.file.ClassDefItem::addStaticField (10 bytes)
Event: 5.023 Thread 0x0000000017053800 nmethod 1928 0x0000000002c1a8d0 code [0x0000000002c1aa40, 0x0000000002c1aba8]
Event: 5.023 Thread 0x0000000017053800 1929       2       com.android.dx.dex.file.ClassDataItem::addStaticField (51 bytes)
Event: 5.023 Thread 0x0000000017053800 nmethod 1929 0x0000000002c32090 code [0x0000000002c32240, 0x0000000002c32698]
Event: 5.023 Thread 0x0000000017053800 1930       2       com.android.dx.dex.file.EncodedField::hashCode (8 bytes)
Event: 5.023 Thread 0x0000000017053800 nmethod 1930 0x0000000002c329d0 code [0x0000000002c32b60, 0x0000000002c32d88]
Event: 5.023 Thread 0x0000000017053800 1931       2       com.android.dx.rop.cst.CstMemberRef::hashCode (19 bytes)
Event: 5.024 Thread 0x0000000017053800 nmethod 1931 0x0000000002c330d0 code [0x0000000002c33260, 0x0000000002c33488]

GC Heap History (10 events):
Event: 3.426 GC heap before
{Heap before GC invocations=1 (full 0):
 PSYoungGen      total 38400K, used 33280K [0x00000000eab00000, 0x00000000ed580000, 0x0000000100000000)
  eden space 33280K, 100% used [0x00000000eab00000,0x00000000ecb80000,0x00000000ecb80000)
  from space 5120K, 0% used [0x00000000ed080000,0x00000000ed080000,0x00000000ed580000)
  to   space 5120K, 0% used [0x00000000ecb80000,0x00000000ecb80000,0x00000000ed080000)
 ParOldGen       total 87552K, used 0K [0x00000000c0000000, 0x00000000c5580000, 0x00000000eab00000)
  object space 87552K, 0% used [0x00000000c0000000,0x00000000c0000000,0x00000000c5580000)
 Metaspace       used 5886K, capacity 6768K, committed 7040K, reserved 1056768K
  class space    used 600K, capacity 616K, committed 640K, reserved 1048576K
Event: 3.441 GC heap after
Heap after GC invocations=1 (full 0):
 PSYoungGen      total 38400K, used 5119K [0x00000000eab00000, 0x00000000ed580000, 0x0000000100000000)
  eden space 33280K, 0% used [0x00000000eab00000,0x00000000eab00000,0x00000000ecb80000)
  from space 5120K, 99% used [0x00000000ecb80000,0x00000000ed07fde8,0x00000000ed080000)
  to   space 5120K, 0% used [0x00000000ed080000,0x00000000ed080000,0x00000000ed580000)
 ParOldGen       total 87552K, used 280K [0x00000000c0000000, 0x00000000c5580000, 0x00000000eab00000)
  object space 87552K, 0% used [0x00000000c0000000,0x00000000c00462e0,0x00000000c5580000)
 Metaspace       used 5886K, capacity 6768K, committed 7040K, reserved 1056768K
  class space    used 600K, capacity 616K, committed 640K, reserved 1048576K
}
Event: 3.788 GC heap before
{Heap before GC invocations=2 (full 0):
 PSYoungGen      total 38400K, used 38399K [0x00000000eab00000, 0x00000000ed580000, 0x0000000100000000)
  eden space 33280K, 100% used [0x00000000eab00000,0x00000000ecb80000,0x00000000ecb80000)
  from space 5120K, 99% used [0x00000000ecb80000,0x00000000ed07fde8,0x00000000ed080000)
  to   space 5120K, 0% used [0x00000000ed080000,0x00000000ed080000,0x00000000ed580000)
 ParOldGen       total 87552K, used 280K [0x00000000c0000000, 0x00000000c5580000, 0x00000000eab00000)
  object space 87552K, 0% used [0x00000000c0000000,0x00000000c00462e0,0x00000000c5580000)
 Metaspace       used 6123K, capacity 7024K, committed 7296K, reserved 1056768K
  class space    used 602K, capacity 616K, committed 640K, reserved 1048576K
Event: 3.822 GC heap after
Heap after GC invocations=2 (full 0):
 PSYoungGen      total 38400K, used 5115K [0x00000000eab00000, 0x00000000ef600000, 0x0000000100000000)
  eden space 33280K, 0% used [0x00000000eab00000,0x00000000eab00000,0x00000000ecb80000)
  from space 5120K, 99% used [0x00000000ed080000,0x00000000ed57ef80,0x00000000ed580000)
  to   space 5120K, 0% used [0x00000000ecb80000,0x00000000ecb80000,0x00000000ed080000)
 ParOldGen       total 87552K, used 3454K [0x00000000c0000000, 0x00000000c5580000, 0x00000000eab00000)
  object space 87552K, 3% used [0x00000000c0000000,0x00000000c035fa58,0x00000000c5580000)
 Metaspace       used 6123K, capacity 7024K, committed 7296K, reserved 1056768K
  class space    used 602K, capacity 616K, committed 640K, reserved 1048576K
}
Event: 4.103 GC heap before
{Heap before GC invocations=3 (full 0):
 PSYoungGen      total 38400K, used 38395K [0x00000000eab00000, 0x00000000ef600000, 0x0000000100000000)
  eden space 33280K, 100% used [0x00000000eab00000,0x00000000ecb80000,0x00000000ecb80000)
  from space 5120K, 99% used [0x00000000ed080000,0x00000000ed57ef80,0x00000000ed580000)
  to   space 5120K, 0% used [0x00000000ecb80000,0x00000000ecb80000,0x00000000ed080000)
 ParOldGen       total 87552K, used 3454K [0x00000000c0000000, 0x00000000c5580000, 0x00000000eab00000)
  object space 87552K, 3% used [0x00000000c0000000,0x00000000c035fa58,0x00000000c5580000)
 Metaspace       used 6204K, capacity 7088K, committed 7296K, reserved 1056768K
  class space    used 602K, capacity 616K, committed 640K, reserved 1048576K
Event: 4.142 GC heap after
Heap after GC invocations=3 (full 0):
 PSYoungGen      total 38400K, used 5102K [0x00000000eab00000, 0x00000000ef600000, 0x0000000100000000)
  eden space 33280K, 0% used [0x00000000eab00000,0x00000000eab00000,0x00000000ecb80000)
  from space 5120K, 99% used [0x00000000ecb80000,0x00000000ed07b8d8,0x00000000ed080000)
  to   space 5120K, 0% used [0x00000000ef100000,0x00000000ef100000,0x00000000ef600000)
 ParOldGen       total 87552K, used 7374K [0x00000000c0000000, 0x00000000c5580000, 0x00000000eab00000)
  object space 87552K, 8% used [0x00000000c0000000,0x00000000c0733a30,0x00000000c5580000)
 Metaspace       used 6204K, capacity 7088K, committed 7296K, reserved 1056768K
  class space    used 602K, capacity 616K, committed 640K, reserved 1048576K
}
Event: 4.468 GC heap before
{Heap before GC invocations=4 (full 0):
 PSYoungGen      total 38400K, used 38382K [0x00000000eab00000, 0x00000000ef600000, 0x0000000100000000)
  eden space 33280K, 100% used [0x00000000eab00000,0x00000000ecb80000,0x00000000ecb80000)
  from space 5120K, 99% used [0x00000000ecb80000,0x00000000ed07b8d8,0x00000000ed080000)
  to   space 5120K, 0% used [0x00000000ef100000,0x00000000ef100000,0x00000000ef600000)
 ParOldGen       total 87552K, used 7374K [0x00000000c0000000, 0x00000000c5580000, 0x00000000eab00000)
  object space 87552K, 8% used [0x00000000c0000000,0x00000000c0733a30,0x00000000c5580000)
 Metaspace       used 6306K, capacity 7152K, committed 7296K, reserved 1056768K
  class space    used 603K, capacity 616K, committed 640K, reserved 1048576K
Event: 4.483 GC heap after
Heap after GC invocations=4 (full 0):
 PSYoungGen      total 71680K, used 5101K [0x00000000eab00000, 0x00000000ef600000, 0x0000000100000000)
  eden space 66560K, 0% used [0x00000000eab00000,0x00000000eab00000,0x00000000eec00000)
  from space 5120K, 99% used [0x00000000ef100000,0x00000000ef5fb750,0x00000000ef600000)
  to   space 5120K, 0% used [0x00000000eec00000,0x00000000eec00000,0x00000000ef100000)
 ParOldGen       total 87552K, used 13064K [0x00000000c0000000, 0x00000000c5580000, 0x00000000eab00000)
  object space 87552K, 14% used [0x00000000c0000000,0x00000000c0cc2000,0x00000000c5580000)
 Metaspace       used 6306K, capacity 7152K, committed 7296K, reserved 1056768K
  class space    used 603K, capacity 616K, committed 640K, reserved 1048576K
}
Event: 4.921 GC heap before
{Heap before GC invocations=5 (full 0):
 PSYoungGen      total 71680K, used 71661K [0x00000000eab00000, 0x00000000ef600000, 0x0000000100000000)
  eden space 66560K, 100% used [0x00000000eab00000,0x00000000eec00000,0x00000000eec00000)
  from space 5120K, 99% used [0x00000000ef100000,0x00000000ef5fb750,0x00000000ef600000)
  to   space 5120K, 0% used [0x00000000eec00000,0x00000000eec00000,0x00000000ef100000)
 ParOldGen       total 87552K, used 13064K [0x00000000c0000000, 0x00000000c5580000, 0x00000000eab00000)
  object space 87552K, 14% used [0x00000000c0000000,0x00000000c0cc2000,0x00000000c5580000)
 Metaspace       used 6412K, capacity 7216K, committed 7296K, reserved 1056768K
  class space    used 603K, capacity 616K, committed 640K, reserved 1048576K
Event: 4.958 GC heap after
Heap after GC invocations=5 (full 0):
 PSYoungGen      total 71680K, used 5102K [0x00000000eab00000, 0x00000000f4e00000, 0x0000000100000000)
  eden space 66560K, 0% used [0x00000000eab00000,0x00000000eab00000,0x00000000eec00000)
  from space 5120K, 99% used [0x00000000eec00000,0x00000000ef0fb8d8,0x00000000ef100000)
  to   space 16896K, 0% used [0x00000000f3d80000,0x00000000f3d80000,0x00000000f4e00000)
 ParOldGen       total 87552K, used 23477K [0x00000000c0000000, 0x00000000c5580000, 0x00000000eab00000)
  object space 87552K, 26% used [0x00000000c0000000,0x00000000c16ed490,0x00000000c5580000)
 Metaspace       used 6412K, capacity 7216K, committed 7296K, reserved 1056768K
  class space    used 603K, capacity 616K, committed 640K, reserved 1048576K
}

Deoptimization events (10 events):
Event: 4.247 Thread 0x00000000172df800 Uncommon trap: reason=class_check action=maybe_recompile pc=0x0000000002a24d5c method=java.util.HashMap.putVal(ILjava/lang/Object;Ljava/lang/Object;ZZ)Ljava/lang/Object; @ 203
Event: 4.247 Thread 0x00000000172df800 Uncommon trap: reason=bimorphic action=maybe_recompile pc=0x00000000029249dc method=java.util.HashMap.getNode(ILjava/lang/Object;)Ljava/util/HashMap$Node; @ 126
Event: 4.281 Thread 0x0000000017364800 Uncommon trap: reason=unstable_if action=reinterpret pc=0x0000000002a7aedc method=com.android.dx.ssa.SCCP.simulateBranch(Lcom/android/dx/ssa/SsaInsn;)V @ 64
Event: 4.282 Thread 0x0000000017364800 Uncommon trap: reason=unstable_if action=reinterpret pc=0x000000000293199c method=com.android.dx.ssa.SsaMethod.updateOneDefinition(Lcom/android/dx/ssa/SsaInsn;Lcom/android/dx/rop/code/RegisterSpec;)V @ 4
Event: 4.297 Thread 0x0000000017364800 Uncommon trap: reason=unstable_if action=reinterpret pc=0x0000000002ad2748 method=com.android.dx.rop.code.RegisterSpecSet.put(Lcom/android/dx/rop/code/RegisterSpec;)V @ 77
Event: 4.543 Thread 0x00000000021ed800 Uncommon trap: reason=unloaded action=reinterpret pc=0x000000000290f214 method=com.android.dx.cf.cst.ConstantPoolParser.parse0(ILjava/util/BitSet;)Lcom/android/dx/rop/cst/Constant; @ 198
Event: 4.678 Thread 0x00000000021ed800 Uncommon trap: reason=unstable_if action=reinterpret pc=0x0000000002a51bf0 method=com.android.dx.ssa.SCCP.simulateStmt(Lcom/android/dx/ssa/SsaInsn;)V @ 53
Event: 4.701 Thread 0x00000000172df800 Uncommon trap: reason=bimorphic action=maybe_recompile pc=0x0000000002baf904 method=com.android.dx.cf.code.BytecodeArray.parseInstruction(ILcom/android/dx/cf/code/BytecodeArray$Visitor;)I @ 2281
Event: 4.701 Thread 0x00000000172df800 Uncommon trap: reason=bimorphic action=maybe_recompile pc=0x0000000002baf904 method=com.android.dx.cf.code.BytecodeArray.parseInstruction(ILcom/android/dx/cf/code/BytecodeArray$Visitor;)I @ 2281
Event: 4.727 Thread 0x00000000021ed800 Uncommon trap: reason=class_check action=maybe_recompile pc=0x00000000029f9bd4 method=java.util.HashMap.putVal(ILjava/lang/Object;Ljava/lang/Object;ZZ)Ljava/lang/Object; @ 203

Internal exceptions (2 events):
Event: 0.045 Thread 0x00000000021ed800 Exception <a 'java/lang/NoSuchMethodError': Method sun.misc.Unsafe.defineClass(Ljava/lang/String;[BII)Ljava/lang/Class; name or signature does not match> (0x00000000eab13080) thrown at [C:\workspace\8-2-build-windows-amd64-cygwin\jdk8u65\4987\hotspot\src\sD$².ð¦?
Event: 0.045 Thread 0x00000000021ed800 Exception <a 'java/lang/NoSuchMethodError': Method sun.misc.Unsafe.prefetchRead(Ljava/lang/Object;J)V name or signature does not match> (0x00000000eab13368) thrown at [C:\workspace\8-2-build-windows-amd64-cygwin\jdk8u65\4987\hotspot\src\share\vm\prims\jni.

Events (10 events):
Event: 4.718 Thread 0x0000000017d0a800 DEOPT UNPACKING pc=0x000000000253787f sp=0x00000000188ce378 mode 0
Event: 4.727 Thread 0x00000000021ed800 Uncommon trap: trap_request=0xffffffde fr.pc=0x00000000029f9bd4
Event: 4.727 Thread 0x00000000021ed800 DEOPT PACKING pc=0x00000000029f9bd4 sp=0x00000000023ee1e0
Event: 4.727 Thread 0x00000000021ed800 DEOPT UNPACKING pc=0x000000000253582a sp=0x00000000023ee168 mode 2
Event: 4.844 Thread 0x0000000017364800 DEOPT PACKING pc=0x000000000282f64c sp=0x00000000187ceb70
Event: 4.844 Thread 0x0000000017364800 DEOPT UNPACKING pc=0x000000000253787f sp=0x00000000187ce888 mode 0
Event: 4.901 Thread 0x00000000172df800 DEOPT PACKING pc=0x0000000002a0302c sp=0x00000000184ce700
Event: 4.901 Thread 0x00000000172df800 DEOPT UNPACKING pc=0x000000000253787f sp=0x00000000184ce490 mode 0
Event: 4.921 Executing VM operation: ParallelGCFailedAllocation
Event: 4.958 Executing VM operation: ParallelGCFailedAllocation done


Dynamic libraries:
0x00007ff768b30000 - 0x00007ff768b67000 	C:\Program Files\Java\jdk1.8.0_65\bin\java.exe
0x00007fffbd270000 - 0x00007fffbd431000 	C:\WINDOWS\SYSTEM32\ntdll.dll
0x00007fffbab40000 - 0x00007fffbabed000 	C:\WINDOWS\system32\KERNEL32.DLL
0x00007fffb9b80000 - 0x00007fffb9d68000 	C:\WINDOWS\system32\KERNELBASE.dll
0x00007fffbac50000 - 0x00007fffbacf7000 	C:\WINDOWS\system32\ADVAPI32.dll
0x00007fffbad00000 - 0x00007fffbad9d000 	C:\WINDOWS\system32\msvcrt.dll
0x00007fffbbba0000 - 0x00007fffbbbfb000 	C:\WINDOWS\system32\sechost.dll
0x00007fffbb630000 - 0x00007fffbb74c000 	C:\WINDOWS\system32\RPCRT4.dll
0x00007fffba650000 - 0x00007fffba7a6000 	C:\WINDOWS\system32\USER32.dll
0x00007fffbb960000 - 0x00007fffbbae6000 	C:\WINDOWS\system32\GDI32.dll
0x00007fff9e9b0000 - 0x00007fff9ec24000 	C:\WINDOWS\WinSxS\amd64_microsoft.windows.common-controls_6595b64144ccf1df_6.0.10586.0_none_8c15ae12515e1c22\COMCTL32.dll
0x00007fffbada0000 - 0x00007fffbb01d000 	C:\WINDOWS\system32\combase.dll
0x00007fffba5e0000 - 0x00007fffba64a000 	C:\WINDOWS\system32\bcryptPrimitives.dll
0x00007fffbb920000 - 0x00007fffbb95b000 	C:\WINDOWS\system32\IMM32.DLL
0x0000000054980000 - 0x0000000054a52000 	C:\Program Files\Java\jdk1.8.0_65\jre\bin\msvcr100.dll
0x0000000054e00000 - 0x0000000055689000 	C:\Program Files\Java\jdk1.8.0_65\jre\bin\server\jvm.dll
0x00007fffba900000 - 0x00007fffba908000 	C:\WINDOWS\system32\PSAPI.DLL
0x00007fffb13b0000 - 0x00007fffb13b9000 	C:\WINDOWS\SYSTEM32\WSOCK32.dll
0x00007fffb7f40000 - 0x00007fffb7f63000 	C:\WINDOWS\SYSTEM32\WINMM.dll
0x00007fffb0f80000 - 0x00007fffb0f8a000 	C:\WINDOWS\SYSTEM32\VERSION.dll
0x00007fffbaad0000 - 0x00007fffbab3b000 	C:\WINDOWS\system32\WS2_32.dll
0x00007fffb7ee0000 - 0x00007fffb7f0c000 	C:\WINDOWS\SYSTEM32\WINMMBASE.dll
0x00007fffb9e20000 - 0x00007fffb9e63000 	C:\WINDOWS\system32\cfgmgr32.dll
0x0000000054df0000 - 0x0000000054dff000 	C:\Program Files\Java\jdk1.8.0_65\jre\bin\verify.dll
0x0000000054dc0000 - 0x0000000054de9000 	C:\Program Files\Java\jdk1.8.0_65\jre\bin\java.dll
0x0000000054da0000 - 0x0000000054db6000 	C:\Program Files\Java\jdk1.8.0_65\jre\bin\zip.dll
0x00007fffbbcf0000 - 0x00007fffbd24c000 	C:\WINDOWS\system32\SHELL32.dll
0x00007fffb9f90000 - 0x00007fffba5d5000 	C:\WINDOWS\system32\windows.storage.dll
0x00007fffbbc20000 - 0x00007fffbbc72000 	C:\WINDOWS\system32\shlwapi.dll
0x00007fffb98f0000 - 0x00007fffb98ff000 	C:\WINDOWS\system32\kernel.appcore.dll
0x00007fffb9ed0000 - 0x00007fffb9f85000 	C:\WINDOWS\system32\shcore.dll
0x00007fffb98a0000 - 0x00007fffb98eb000 	C:\WINDOWS\system32\powrprof.dll
0x00007fffb9880000 - 0x00007fffb9894000 	C:\WINDOWS\system32\profapi.dll

VM Arguments:
jvm_args: -Djava.awt.headless=true -Xmx1024M -Dfile.encoding=windows-1256 -Duser.country=US -Duser.language=en -Duser.variant 
java_command: com.android.dx.command.Main --dex --num-threads=4 --output C:\Users\User\AndroidStudioProjects\DataReceiver\app\build\intermediates\pre-dexed\debug\com.android.support-support-v4-23.1.1_1307183a39a79adf9dd818eecc9a15b711b91045.jar C:\Users\User\AndroidStudioProjects\DataReceiver\app\build\intermediates\exploded-aar\com.android.support\support-v4\23.1.1\jars\classes.jar
java_class_path (initial): C:\Users\User\AppData\Local\Android\sdk\build-tools\23.0.2\lib\dx.jar
Launcher Type: SUN_STANDARD

Environment Variables:
PATH=C:\ProgramData\Oracle\Java\javapath;C:\Program Files (x86)\Google\Chrome\Application;C:\Program Files\Common Files\Microsoft Shared\Windows Live;C:\Program Files (x86)\Common Files\Microsoft Shared\Windows Live;C:\Windows\system32;C:\Windows;C:\Windows\System32\Wbem;C:\Windows\System32\WindowsPowerShell\v1.0\;C:\Program Files (x86)\Windows Live\Shared;C:\Program Files (x86)\Intel\OpenCL SDK\2.0\bin\x86;C:\Program Files (x86)\Intel\OpenCL SDK\2.0\bin\x64;C:\Program Files (x86)\nodejs\;C:\Program Files\Microsoft SQL Server\Client SDK\ODBC\110\Tools\Binn\;C:\Program Files (x86)\Microsoft SQL Server\120\Tools\Binn\ManagementStudio\;C:\Program Files (x86)\Microsoft SQL Server\120\Tools\Binn\;C:\Program Files\Microsoft SQL Server\120\Tools\Binn\;C:\Program Files (x86)\Microsoft SQL Server\120\DTS\Binn\;C:\Program Files\Microsoft SQL Server\120\DTS\Binn\;C:\Users\User\AppData\Roaming\npm;C:\Program Files (x86)\Java\jre7\bin;C:\Program Files (x86)\Ampps\php;C:\ProgramData\ComposerSetup\bin;C:\Users\User\AppData\Roaming\Composer\vendor\bin;C:\Program Files (x86)\Git\cmd;C:\WINDOWS\system32\config\systemprofile\.dnx\bin;C:\Program Files\Microsoft DNX\Dnvm\;C:\Program Files (x86)\VisualSVN\bin;C:\Program Files\TortoiseSVN\bin;C:\WINDOWS\system32;C:\WINDOWS;C:\WINDOWS\System32\Wbem;C:\WINDOWS\System32\WindowsPowerShell\v1.0\;C:\Users\User\AppData\Roaming\npm;C:\Program Files (x86)\Java\jre7\bin;C:\Users\User\AppData\Local\Code\bin
USERNAME=User
OS=Windows_NT
PROCESSOR_IDENTIFIER=Intel64 Family 6 Model 58 Stepping 9, GenuineIntel



---------------  S Y S T E M  ---------------

OS: Windows 10.0 , 64 bit Build 10586 (10.0.10586.0)

CPU:total 8 (4 cores per cpu, 2 threads per core) family 6 model 58 stepping 9, cmov, cx8, fxsr, mmx, sse, sse2, sse3, ssse3, sse4.1, sse4.2, popcnt, avx, aes, clmul, erms, ht, tsc, tscinvbit, tscinv

Memory: 4k page, physical 8272428k(2105760k free), swap 9320912k(7396k free)

vm_info: Java HotSpot(TM) 64-Bit Server VM (25.65-b01) for windows-amd64 JRE (1.8.0_65-b17), built on Oct  6 2015 16:39:20 by "java_re" with MS VC++ 10.0 (VS2010)

time: Thu Feb 18 13:44:48 2016
elapsed time: 5 seconds (0d 0h 0m 5s)

