#
# There is insufficient memory for the Java Runtime Environment to continue.
# Native memory allocation (malloc) failed to allocate 2040416 bytes for Chunk::new
# Possible reasons:
#   The system is out of physical RAM or swap space
#   In 32 bit mode, the process size limit was hit
# Possible solutions:
#   Reduce memory load on the system
#   Increase physical memory or swap space
#   Check if swap backing store is full
#   Use 64 bit Java on a 64 bit OS
#   Decrease Java heap size (-Xmx/-Xms)
#   Decrease number of Java threads
#   Decrease Java thread stack sizes (-Xss)
#   Set larger code cache with -XX:ReservedCodeCacheSize=
# This output file may be truncated or incomplete.
#
#  Out of Memory Error (allocation.cpp:390), pid=2496, tid=8324
#
# JRE version: Java(TM) SE Runtime Environment (8.0_65-b17) (build 1.8.0_65-b17)
# Java VM: Java HotSpot(TM) 64-Bit Server VM (25.65-b01 mixed mode windows-amd64 compressed oops)
# Failed to write core dump. Minidumps are not enabled by default on client versions of Windows
#

---------------  T H R E A D  ---------------

Current thread (0x0000000016fd0000):  JavaThread "C2 CompilerThread2" daemon [_thread_in_native, id=8324, stack(0x0000000017750000,0x0000000017850000)]

Stack: [0x0000000017750000,0x0000000017850000]
[error occurred during error reporting (printing stack bounds), id 0xc0000005]

Native frames: (J=compiled Java code, j=interpreted, Vv=VM code, C=native code)


Current CompileTask:
C2:   4985 1795       4       com.android.dx.ssa.SCCP::run (298 bytes)


---------------  P R O C E S S  ---------------

Java Threads: ( => current thread )
  0x0000000017071800 JavaThread "Service Thread" daemon [_thread_blocked, id=11020, stack(0x0000000017950000,0x0000000017a50000)]
  0x0000000016fe0000 JavaThread "C1 CompilerThread3" daemon [_thread_in_native, id=12204, stack(0x0000000017850000,0x0000000017950000)]
=>0x0000000016fd0000 JavaThread "C2 CompilerThread2" daemon [_thread_in_native, id=8324, stack(0x0000000017750000,0x0000000017850000)]
  0x0000000016f83800 JavaThread "C2 CompilerThread1" daemon [_thread_in_native, id=11504, stack(0x0000000017650000,0x0000000017750000)]
  0x0000000016f7f000 JavaThread "C2 CompilerThread0" daemon [_thread_in_native, id=9484, stack(0x0000000017550000,0x0000000017650000)]
  0x0000000016f7c800 JavaThread "Attach Listener" daemon [_thread_blocked, id=9008, stack(0x0000000017450000,0x0000000017550000)]
  0x0000000016fcc800 JavaThread "Signal Dispatcher" daemon [_thread_blocked, id=10220, stack(0x0000000017350000,0x0000000017450000)]
  0x0000000002369800 JavaThread "Finalizer" daemon [_thread_blocked, id=7136, stack(0x0000000016d70000,0x0000000016e70000)]
  0x0000000014e8d800 JavaThread "Reference Handler" daemon [_thread_blocked, id=4368, stack(0x0000000016c70000,0x0000000016d70000)]
  0x0000000000a0d800 JavaThread "main" [_thread_in_Java, id=3888, stack(0x0000000002170000,0x0000000002270000)]

Other Threads:
  0x0000000014e89000 VMThread [stack: 0x0000000016b70000,0x0000000016c70000] [id=200]
  0x00000000170dd000 WatcherThread [stack: 0x0000000017a50000,0x0000000017b50000] [id=7408]

VM state:not at safepoint (normal execution)

VM Mutex/Monitor currently owned by a thread:  ([mutex/lock_event])
[0x0000000000a0c140] CodeCache_lock - owner thread: 0x0000000016fe0000
[0x00000000022704d0] Compile_lock - owner thread: 0x0000000016fe0000

Heap:
 PSYoungGen      total 38400K, used 27205K [0x00000000eab00000, 0x00000000ef600000, 0x0000000100000000)
  eden space 33280K, 66% used [0x00000000eab00000,0x00000000ec099568,0x00000000ecb80000)
  from space 5120K, 99% used [0x00000000ecb80000,0x00000000ed078028,0x00000000ed080000)
  to   space 5120K, 0% used [0x00000000ef100000,0x00000000ef100000,0x00000000ef600000)
 ParOldGen       total 87552K, used 9368K [0x00000000c0000000, 0x00000000c5580000, 0x00000000eab00000)
  object space 87552K, 10% used [0x00000000c0000000,0x00000000c0926028,0x00000000c5580000)
 Metaspace       used 6646K, capacity 7416K, committed 7552K, reserved 1056768K
  class space    used 622K, capacity 624K, committed 640K, reserved 1048576K

Card table byte_map: [0x0000000011730000,0x0000000011940000] byte_map_base: 0x0000000011130000

Marking Bits: (ParMarkBitMap*) 0x000000005560a5b0
 Begin Bits: [0x00000000122a0000, 0x00000000132a0000)
 End Bits:   [0x00000000132a0000, 0x00000000142a0000)

Polling page: 0x0000000000930000

CodeCache: size=245760Kb used=7894Kb max_used=7894Kb free=237865Kb
 bounds [0x0000000002370000, 0x0000000002b30000, 0x0000000011370000]
 total_blobs=2353 nmethods=2085 adapters=180
 compilation: enabled

Compilation events (10 events):
Event: 4.971 Thread 0x0000000016fe0000 nmethod 2125 0x0000000002b0fed0 code [0x0000000002b100c0, 0x0000000002b10d28]
Event: 4.971 Thread 0x0000000016fe0000 2124       3       com.android.dx.dex.code.form.Form35c::isCompatible (72 bytes)
Event: 4.971 Thread 0x0000000016fe0000 nmethod 2124 0x0000000002b111d0 code [0x0000000002b11380, 0x0000000002b11cd8]
Event: 4.971 Thread 0x0000000016fe0000 2123       3       com.android.dx.dex.code.InsnFormat::unsignedFitsInByte (15 bytes)
Event: 4.971 Thread 0x0000000016fe0000 nmethod 2123 0x0000000002ae7010 code [0x0000000002ae7160, 0x0000000002ae72f0]
Event: 4.971 Thread 0x0000000016fe0000 2130       3       com.android.dx.dex.code.PositionList$Entry::<init> (43 bytes)
Event: 4.971 Thread 0x0000000016fe0000 nmethod 2130 0x0000000002b11e50 code [0x0000000002b11fe0, 0x0000000002b12398]
Event: 4.971 Thread 0x0000000016fe0000 2116       3       com.android.dx.dex.file.TypeIdsSection::get (71 bytes)
Event: 4.972 Thread 0x0000000016fe0000 nmethod 2116 0x0000000002b12510 code [0x0000000002b12780, 0x0000000002b138b8]
Event: 4.972 Thread 0x0000000016fe0000 2120       3       com.android.dx.dex.code.StdCatchBuilder::build (262 bytes)

GC Heap History (6 events):
Event: 3.486 GC heap before
{Heap before GC invocations=1 (full 0):
 PSYoungGen      total 38400K, used 33280K [0x00000000eab00000, 0x00000000ed580000, 0x0000000100000000)
  eden space 33280K, 100% used [0x00000000eab00000,0x00000000ecb80000,0x00000000ecb80000)
  from space 5120K, 0% used [0x00000000ed080000,0x00000000ed080000,0x00000000ed580000)
  to   space 5120K, 0% used [0x00000000ecb80000,0x00000000ecb80000,0x00000000ed080000)
 ParOldGen       total 87552K, used 0K [0x00000000c0000000, 0x00000000c5580000, 0x00000000eab00000)
  object space 87552K, 0% used [0x00000000c0000000,0x00000000c0000000,0x00000000c5580000)
 Metaspace       used 5896K, capacity 6832K, committed 7040K, reserved 1056768K
  class space    used 595K, capacity 616K, committed 640K, reserved 1048576K
Event: 3.509 GC heap after
Heap after GC invocations=1 (full 0):
 PSYoungGen      total 38400K, used 5112K [0x00000000eab00000, 0x00000000ed580000, 0x0000000100000000)
  eden space 33280K, 0% used [0x00000000eab00000,0x00000000eab00000,0x00000000ecb80000)
  from space 5120K, 99% used [0x00000000ecb80000,0x00000000ed07e130,0x00000000ed080000)
  to   space 5120K, 0% used [0x00000000ed080000,0x00000000ed080000,0x00000000ed580000)
 ParOldGen       total 87552K, used 722K [0x00000000c0000000, 0x00000000c5580000, 0x00000000eab00000)
  object space 87552K, 0% used [0x00000000c0000000,0x00000000c00b4ae8,0x00000000c5580000)
 Metaspace       used 5896K, capacity 6832K, committed 7040K, reserved 1056768K
  class space    used 595K, capacity 616K, committed 640K, reserved 1048576K
}
Event: 3.982 GC heap before
{Heap before GC invocations=2 (full 0):
 PSYoungGen      total 38400K, used 38392K [0x00000000eab00000, 0x00000000ed580000, 0x0000000100000000)
  eden space 33280K, 100% used [0x00000000eab00000,0x00000000ecb80000,0x00000000ecb80000)
  from space 5120K, 99% used [0x00000000ecb80000,0x00000000ed07e130,0x00000000ed080000)
  to   space 5120K, 0% used [0x00000000ed080000,0x00000000ed080000,0x00000000ed580000)
 ParOldGen       total 87552K, used 722K [0x00000000c0000000, 0x00000000c5580000, 0x00000000eab00000)
  object space 87552K, 0% used [0x00000000c0000000,0x00000000c00b4ae8,0x00000000c5580000)
 Metaspace       used 6207K, capacity 7088K, committed 7296K, reserved 1056768K
  class space    used 600K, capacity 616K, committed 640K, reserved 1048576K
Event: 4.007 GC heap after
Heap after GC invocations=2 (full 0):
 PSYoungGen      total 38400K, used 5095K [0x00000000eab00000, 0x00000000ef600000, 0x0000000100000000)
  eden space 33280K, 0% used [0x00000000eab00000,0x00000000eab00000,0x00000000ecb80000)
  from space 5120K, 99% used [0x00000000ed080000,0x00000000ed579c98,0x00000000ed580000)
  to   space 5120K, 0% used [0x00000000ecb80000,0x00000000ecb80000,0x00000000ed080000)
 ParOldGen       total 87552K, used 4395K [0x00000000c0000000, 0x00000000c5580000, 0x00000000eab00000)
  object space 87552K, 5% used [0x00000000c0000000,0x00000000c044af58,0x00000000c5580000)
 Metaspace       used 6207K, capacity 7088K, committed 7296K, reserved 1056768K
  class space    used 600K, capacity 616K, committed 640K, reserved 1048576K
}
Event: 4.418 GC heap before
{Heap before GC invocations=3 (full 0):
 PSYoungGen      total 38400K, used 38375K [0x00000000eab00000, 0x00000000ef600000, 0x0000000100000000)
  eden space 33280K, 100% used [0x00000000eab00000,0x00000000ecb80000,0x00000000ecb80000)
  from space 5120K, 99% used [0x00000000ed080000,0x00000000ed579c98,0x00000000ed580000)
  to   space 5120K, 0% used [0x00000000ecb80000,0x00000000ecb80000,0x00000000ed080000)
 ParOldGen       total 87552K, used 4395K [0x00000000c0000000, 0x00000000c5580000, 0x00000000eab00000)
  object space 87552K, 5% used [0x00000000c0000000,0x00000000c044af58,0x00000000c5580000)
 Metaspace       used 6333K, capacity 7152K, committed 7296K, reserved 1056768K
  class space    used 602K, capacity 616K, committed 640K, reserved 1048576K
Event: 4.452 GC heap after
Heap after GC invocations=3 (full 0):
 PSYoungGen      total 38400K, used 5088K [0x00000000eab00000, 0x00000000ef600000, 0x0000000100000000)
  eden space 33280K, 0% used [0x00000000eab00000,0x00000000eab00000,0x00000000ecb80000)
  from space 5120K, 99% used [0x00000000ecb80000,0x00000000ed078028,0x00000000ed080000)
  to   space 5120K, 0% used [0x00000000ef100000,0x00000000ef100000,0x00000000ef600000)
 ParOldGen       total 87552K, used 9368K [0x00000000c0000000, 0x00000000c5580000, 0x00000000eab00000)
  object space 87552K, 10% used [0x00000000c0000000,0x00000000c0926028,0x00000000c5580000)
 Metaspace       used 6333K, capacity 7152K, committed 7296K, reserved 1056768K
  class space    used 602K, capacity 616K, committed 640K, reserved 1048576K
}

Deoptimization events (10 events):
Event: 4.775 Thread 0x0000000000a0d800 Uncommon trap: reason=class_check action=maybe_recompile pc=0x0000000002805c84 method=java.util.HashMap.putVal(ILjava/lang/Object;Ljava/lang/Object;ZZ)Ljava/lang/Object; @ 203
Event: 4.775 Thread 0x0000000000a0d800 Uncommon trap: reason=class_check action=maybe_recompile pc=0x0000000002805c84 method=java.util.HashMap.putVal(ILjava/lang/Object;Ljava/lang/Object;ZZ)Ljava/lang/Object; @ 203
Event: 4.775 Thread 0x0000000000a0d800 Uncommon trap: reason=class_check action=maybe_recompile pc=0x0000000002805c84 method=java.util.HashMap.putVal(ILjava/lang/Object;Ljava/lang/Object;ZZ)Ljava/lang/Object; @ 203
Event: 4.775 Thread 0x0000000000a0d800 Uncommon trap: reason=class_check action=maybe_recompile pc=0x0000000002805c84 method=java.util.HashMap.putVal(ILjava/lang/Object;Ljava/lang/Object;ZZ)Ljava/lang/Object; @ 203
Event: 4.775 Thread 0x0000000000a0d800 Uncommon trap: reason=class_check action=maybe_recompile pc=0x00000000026cc600 method=java.util.HashMap.putVal(ILjava/lang/Object;Ljava/lang/Object;ZZ)Ljava/lang/Object; @ 203
Event: 4.888 Thread 0x0000000000a0d800 Uncommon trap: reason=speculate_class_check action=maybe_recompile pc=0x00000000026771bc method=com.android.dx.util.FixedSizeList.equals(Ljava/lang/Object;)Z @ 25
Event: 4.888 Thread 0x0000000000a0d800 Uncommon trap: reason=speculate_class_check action=maybe_recompile pc=0x00000000026771bc method=com.android.dx.util.FixedSizeList.equals(Ljava/lang/Object;)Z @ 25
Event: 4.888 Thread 0x0000000000a0d800 Uncommon trap: reason=speculate_class_check action=maybe_recompile pc=0x00000000026771bc method=com.android.dx.util.FixedSizeList.equals(Ljava/lang/Object;)Z @ 25
Event: 4.888 Thread 0x0000000000a0d800 Uncommon trap: reason=speculate_class_check action=maybe_recompile pc=0x00000000026771bc method=com.android.dx.util.FixedSizeList.equals(Ljava/lang/Object;)Z @ 25
Event: 4.945 Thread 0x0000000000a0d800 Uncommon trap: reason=unstable_if action=reinterpret pc=0x0000000002a11cb0 method=java.util.TreeMap.put(Ljava/lang/Object;Ljava/lang/Object;)Ljava/lang/Object; @ 163

Internal exceptions (2 events):
Event: 0.032 Thread 0x0000000000a0d800 Exception <a 'java/lang/NoSuchMethodError': Method sun.misc.Unsafe.defineClass(Ljava/lang/String;[BII)Ljava/lang/Class; name or signature does not match> (0x00000000eab12d30) thrown at [C:\workspace\8-2-build-windows-amd64-cygwin\jdk8u65\4987\hotspot\src\s‘…MAÙi ?
Event: 0.032 Thread 0x0000000000a0d800 Exception <a 'java/lang/NoSuchMethodError': Method sun.misc.Unsafe.prefetchRead(Ljava/lang/Object;J)V name or signature does not match> (0x00000000eab13018) thrown at [C:\workspace\8-2-build-windows-amd64-cygwin\jdk8u65\4987\hotspot\src\share\vm\prims\jni.

Events (10 events):
Event: 4.963 Thread 0x0000000000a0d800 DEOPT PACKING pc=0x0000000002ac9a34 sp=0x000000000226ecd0
Event: 4.963 Thread 0x0000000000a0d800 DEOPT UNPACKING pc=0x00000000023b787f sp=0x000000000226eb20 mode 0
Event: 4.967 Thread 0x0000000000a0d800 DEOPT PACKING pc=0x0000000002ac7ef1 sp=0x000000000226edd0
Event: 4.967 Thread 0x0000000000a0d800 DEOPT UNPACKING pc=0x00000000023b787f sp=0x000000000226eb98 mode 0
Event: 4.967 Thread 0x0000000000a0d800 DEOPT PACKING pc=0x0000000002acbc8d sp=0x000000000226ee90
Event: 4.967 Thread 0x0000000000a0d800 DEOPT UNPACKING pc=0x00000000023b787f sp=0x000000000226ebe8 mode 0
Event: 4.967 Thread 0x0000000000a0d800 DEOPT PACKING pc=0x0000000002ab4be3 sp=0x000000000226eed0
Event: 4.967 Thread 0x0000000000a0d800 DEOPT UNPACKING pc=0x00000000023b787f sp=0x000000000226ec50 mode 0
Event: 4.967 Thread 0x0000000000a0d800 DEOPT PACKING pc=0x0000000002ab71ee sp=0x000000000226ee10
Event: 4.967 Thread 0x0000000000a0d800 DEOPT UNPACKING pc=0x00000000023b787f sp=0x000000000226eb98 mode 0


Dynamic libraries:
0x00007ff768b30000 - 0x00007ff768b67000 	C:\Program Files\Java\jdk1.8.0_65\bin\java.exe
0x00007fffbd270000 - 0x00007fffbd431000 	C:\WINDOWS\SYSTEM32\ntdll.dll
0x00007fffbab40000 - 0x00007fffbabed000 	C:\WINDOWS\system32\KERNEL32.DLL
0x00007fffb9b80000 - 0x00007fffb9d68000 	C:\WINDOWS\system32\KERNELBASE.dll
0x00007fffbac50000 - 0x00007fffbacf7000 	C:\WINDOWS\system32\ADVAPI32.dll
0x00007fffbad00000 - 0x00007fffbad9d000 	C:\WINDOWS\system32\msvcrt.dll
0x00007fffbbba0000 - 0x00007fffbbbfb000 	C:\WINDOWS\system32\sechost.dll
0x00007fffbb630000 - 0x00007fffbb74c000 	C:\WINDOWS\system32\RPCRT4.dll
0x00007fffba650000 - 0x00007fffba7a6000 	C:\WINDOWS\system32\USER32.dll
0x00007fffbb960000 - 0x00007fffbbae6000 	C:\WINDOWS\system32\GDI32.dll
0x00007fff9e9b0000 - 0x00007fff9ec24000 	C:\WINDOWS\WinSxS\amd64_microsoft.windows.common-controls_6595b64144ccf1df_6.0.10586.0_none_8c15ae12515e1c22\COMCTL32.dll
0x00007fffbada0000 - 0x00007fffbb01d000 	C:\WINDOWS\system32\combase.dll
0x00007fffba5e0000 - 0x00007fffba64a000 	C:\WINDOWS\system32\bcryptPrimitives.dll
0x00007fffbb920000 - 0x00007fffbb95b000 	C:\WINDOWS\system32\IMM32.DLL
0x0000000054980000 - 0x0000000054a52000 	C:\Program Files\Java\jdk1.8.0_65\jre\bin\msvcr100.dll
0x0000000054e00000 - 0x0000000055689000 	C:\Program Files\Java\jdk1.8.0_65\jre\bin\server\jvm.dll
0x00007fffba900000 - 0x00007fffba908000 	C:\WINDOWS\system32\PSAPI.DLL
0x00007fffb13b0000 - 0x00007fffb13b9000 	C:\WINDOWS\SYSTEM32\WSOCK32.dll
0x00007fffb0f80000 - 0x00007fffb0f8a000 	C:\WINDOWS\SYSTEM32\VERSION.dll
0x00007fffb7f40000 - 0x00007fffb7f63000 	C:\WINDOWS\SYSTEM32\WINMM.dll
0x00007fffbaad0000 - 0x00007fffbab3b000 	C:\WINDOWS\system32\WS2_32.dll
0x00007fffb7ee0000 - 0x00007fffb7f0c000 	C:\WINDOWS\SYSTEM32\WINMMBASE.dll
0x00007fffb9e20000 - 0x00007fffb9e63000 	C:\WINDOWS\system32\cfgmgr32.dll
0x0000000054df0000 - 0x0000000054dff000 	C:\Program Files\Java\jdk1.8.0_65\jre\bin\verify.dll
0x0000000054dc0000 - 0x0000000054de9000 	C:\Program Files\Java\jdk1.8.0_65\jre\bin\java.dll
0x0000000054da0000 - 0x0000000054db6000 	C:\Program Files\Java\jdk1.8.0_65\jre\bin\zip.dll
0x00007fffbbcf0000 - 0x00007fffbd24c000 	C:\WINDOWS\system32\SHELL32.dll
0x00007fffb9f90000 - 0x00007fffba5d5000 	C:\WINDOWS\system32\windows.storage.dll
0x00007fffbbc20000 - 0x00007fffbbc72000 	C:\WINDOWS\system32\shlwapi.dll
0x00007fffb98f0000 - 0x00007fffb98ff000 	C:\WINDOWS\system32\kernel.appcore.dll
0x00007fffb9ed0000 - 0x00007fffb9f85000 	C:\WINDOWS\system32\shcore.dll
0x00007fffb98a0000 - 0x00007fffb98eb000 	C:\WINDOWS\system32\powrprof.dll
0x00007fffb9880000 - 0x00007fffb9894000 	C:\WINDOWS\system32\profapi.dll

VM Arguments:
jvm_args: -Djava.awt.headless=true -Xmx1024M -Dfile.encoding=windows-1256 -Duser.country=US -Duser.language=en -Duser.variant 
java_command: com.android.dx.command.Main --dex --num-threads=4 --output C:\Users\User\AndroidStudioProjects\DataReceiver\app\build\intermediates\pre-dexed\debug\internal_impl-23.1.1_f63ba2e6550e368334721cfac226b8246c3f2b77.jar C:\Users\User\AndroidStudioProjects\DataReceiver\app\build\intermediates\exploded-aar\com.android.support\support-v4\23.1.1\jars\libs\internal_impl-23.1.1.jar
java_class_path (initial): C:\Users\User\AppData\Local\Android\sdk\build-tools\23.0.2\lib\dx.jar
Launcher Type: SUN_STANDARD

Environment Variables:
PATH=C:\ProgramData\Oracle\Java\javapath;C:\Program Files (x86)\Google\Chrome\Application;C:\Program Files\Common Files\Microsoft Shared\Windows Live;C:\Program Files (x86)\Common Files\Microsoft Shared\Windows Live;C:\Windows\system32;C:\Windows;C:\Windows\System32\Wbem;C:\Windows\System32\WindowsPowerShell\v1.0\;C:\Program Files (x86)\Windows Live\Shared;C:\Program Files (x86)\Intel\OpenCL SDK\2.0\bin\x86;C:\Program Files (x86)\Intel\OpenCL SDK\2.0\bin\x64;C:\Program Files (x86)\nodejs\;C:\Program Files\Microsoft SQL Server\Client SDK\ODBC\110\Tools\Binn\;C:\Program Files (x86)\Microsoft SQL Server\120\Tools\Binn\ManagementStudio\;C:\Program Files (x86)\Microsoft SQL Server\120\Tools\Binn\;C:\Program Files\Microsoft SQL Server\120\Tools\Binn\;C:\Program Files (x86)\Microsoft SQL Server\120\DTS\Binn\;C:\Program Files\Microsoft SQL Server\120\DTS\Binn\;C:\Users\User\AppData\Roaming\npm;C:\Program Files (x86)\Java\jre7\bin;C:\Program Files (x86)\Ampps\php;C:\ProgramData\ComposerSetup\bin;C:\Users\User\AppData\Roaming\Composer\vendor\bin;C:\Program Files (x86)\Git\cmd;C:\WINDOWS\system32\config\systemprofile\.dnx\bin;C:\Program Files\Microsoft DNX\Dnvm\;C:\Program Files (x86)\VisualSVN\bin;C:\Program Files\TortoiseSVN\bin;C:\WINDOWS\system32;C:\WINDOWS;C:\WINDOWS\System32\Wbem;C:\WINDOWS\System32\WindowsPowerShell\v1.0\;C:\Users\User\AppData\Roaming\npm;C:\Program Files (x86)\Java\jre7\bin;C:\Users\User\AppData\Local\Code\bin
USERNAME=User
OS=Windows_NT
PROCESSOR_IDENTIFIER=Intel64 Family 6 Model 58 Stepping 9, GenuineIntel



---------------  S Y S T E M  ---------------

OS: Windows 10.0 , 64 bit Build 10586 (10.0.10586.0)

CPU:total 8 (4 cores per cpu, 2 threads per core) family 6 model 58 stepping 9, cmov, cx8, fxsr, mmx, sse, sse2, sse3, ssse3, sse4.1, sse4.2, popcnt, avx, aes, clmul, erms, ht, tsc, tscinvbit, tscinv

Memory: 4k page, physical 8272428k(2105760k free), swap 9320912k(7396k free)

vm_info: Java HotSpot(TM) 64-Bit Server VM (25.65-b01) for windows-amd64 JRE (1.8.0_65-b17), built on Oct  6 2015 16:39:20 by "java_re" with MS VC++ 10.0 (VS2010)

time: Thu Feb 18 13:44:48 2016
elapsed time: 5 seconds (0d 0h 0m 5s)

